Arguments: 
  C:\Program Files\nodejs\node.exe C:\Users\maini\AppData\Roaming\npm\node_modules\yarn\bin\yarn.js add express mongooes dotenv nodemon

PATH: 
  C:\Python312\Scripts\;C:\Python312\;C:\WINDOWS\system32;C:\WINDOWS;C:\WINDOWS\System32\Wbem;C:\WINDOWS\System32\WindowsPowerShell\v1.0\;C:\WINDOWS\System32\OpenSSH\;C:\Program Files\Git\cmd;C:\Program Files\MongoDB\Server\7.0\bin;C:\Users\maini\Downloads\tools\mongodb-database-tools-windows-x86_64-100.8.0\bin;C:\ProgramData\chocolatey\bin;C:\Users\maini\AppData\Roaming\nvm;C:\Program Files\nodejs;C:\Users\maini\AppData\Local\Microsoft\WindowsApps;C:\Users\maini\AppData\Local\Programs\Microsoft VS Code\bin;C:\Users\maini\AppData\Roaming\npm;C:\Users\maini\AppData\Roaming\nvm;C:\Program Files\nodejs

Yarn version: 
  1.22.19

Node version: 
  21.0.0

Platform: 
  win32 x64

Trace: 
  Error: https://registry.yarnpkg.com/mongooes: Not found
      at params.callback [as _callback] (C:\Users\maini\AppData\Roaming\npm\node_modules\yarn\lib\cli.js:66145:18)
      at self.callback (C:\Users\maini\AppData\Roaming\npm\node_modules\yarn\lib\cli.js:140890:22)
      at Request.emit (node:events:515:28)
      at Request.<anonymous> (C:\Users\maini\AppData\Roaming\npm\node_modules\yarn\lib\cli.js:141862:10)
      at Request.emit (node:events:515:28)
      at IncomingMessage.<anonymous> (C:\Users\maini\AppData\Roaming\npm\node_modules\yarn\lib\cli.js:141784:12)
      at Object.onceWrapper (node:events:629:28)
      at IncomingMessage.emit (node:events:527:35)
      at endReadableNT (node:internal/streams/readable:1409:12)
      at process.processTicksAndRejections (node:internal/process/task_queues:82:21)

npm manifest: 
  {
    "name": "backend",
    "version": "1.0.0",
    "description": "",
    "main": "index.js",
    "scripts": {
      "test": "echo \"Error: no test specified\" && exit 1"
    },
    "author": "",
    "license": "ISC"
  }

yarn manifest: 
  No manifest

Lockfile: 
  No lockfile
